#-----------------------------------------------------------
# Vivado v2019.2 (64-bit)
# SW Build 2708876 on Wed Nov  6 21:40:23 MST 2019
# IP Build 2700528 on Thu Nov  7 00:09:20 MST 2019
# Start of session at: Sat May 25 23:43:58 2024
# Process ID: 35080
# Current directory: C:/Users/patel/project_18
# Command line: vivado.exe -gui_launcher_event rodinguilauncherevent10128 C:\Users\patel\project_18\project_18.xpr
# Log file: C:/Users/patel/project_18/vivado.log
# Journal file: C:/Users/patel/project_18\vivado.jou
#-----------------------------------------------------------
start_gui
open_project C:/Users/patel/project_18/project_18.xpr
Scanning sources...
Finished scanning sources
INFO: [IP_Flow 19-234] Refreshing IP repositories
INFO: [IP_Flow 19-1704] No user IP repositories specified
INFO: [IP_Flow 19-2313] Loaded Vivado IP repository 'C:/Xilinx/Vivado/2019.2/data/ip'.
open_project: Time (s): cpu = 00:00:05 ; elapsed = 00:00:12 . Memory (MB): peak = 1136.039 ; gain = 464.488
update_compile_order -fileset sources_1
exit
INFO: [Common 17-206] Exiting Vivado at Sun May 26 09:02:28 2024...
